{"/Users/taylor/Desktop/BinarySearchTrees12.2/src/bst-node.js": {"path":"/Users/taylor/Desktop/BinarySearchTrees12.2/src/bst-node.js","statementMap":{"0":{"start":{"line":3,"column":4},"end":{"line":3,"column":21}},"1":{"start":{"line":4,"column":4},"end":{"line":4,"column":21}},"2":{"start":{"line":5,"column":4},"end":{"line":5,"column":22}}},"fnMap":{"0":{"name":"(anonymous_0)","decl":{"start":{"line":2,"column":2},"end":{"line":2,"column":3}},"loc":{"start":{"line":2,"column":20},"end":{"line":6,"column":3}},"line":2}},"branchMap":{},"s":{"0":35,"1":35,"2":35},"f":{"0":35},"b":{},"_coverageSchema":"43e27e138ebf9cfc5966b082cf9a028302ed4184","hash":"0e9ec73a51bd8c4b2582bfb93ed4ac56ee4b13ec"}
,"/Users/taylor/Desktop/BinarySearchTrees12.2/src/bst.js": {"path":"/Users/taylor/Desktop/BinarySearchTrees12.2/src/bst.js","statementMap":{"0":{"start":{"line":3,"column":4},"end":{"line":3,"column":21}},"1":{"start":{"line":6,"column":4},"end":{"line":22,"column":5}},"2":{"start":{"line":7,"column":6},"end":{"line":7,"column":18}},"3":{"start":{"line":9,"column":24},"end":{"line":9,"column":33}},"4":{"start":{"line":10,"column":6},"end":{"line":21,"column":7}},"5":{"start":{"line":11,"column":8},"end":{"line":17,"column":9}},"6":{"start":{"line":12,"column":10},"end":{"line":12,"column":22}},"7":{"start":{"line":13,"column":15},"end":{"line":17,"column":9}},"8":{"start":{"line":14,"column":10},"end":{"line":14,"column":41}},"9":{"start":{"line":15,"column":15},"end":{"line":17,"column":9}},"10":{"start":{"line":16,"column":10},"end":{"line":16,"column":42}},"11":{"start":{"line":18,"column":8},"end":{"line":20,"column":9}},"12":{"start":{"line":19,"column":10},"end":{"line":19,"column":23}},"13":{"start":{"line":25,"column":4},"end":{"line":48,"column":5}},"14":{"start":{"line":26,"column":6},"end":{"line":26,"column":31}},"15":{"start":{"line":28,"column":24},"end":{"line":28,"column":33}},"16":{"start":{"line":29,"column":6},"end":{"line":47,"column":7}},"17":{"start":{"line":30,"column":8},"end":{"line":46,"column":9}},"18":{"start":{"line":31,"column":10},"end":{"line":36,"column":11}},"19":{"start":{"line":32,"column":12},"end":{"line":32,"column":44}},"20":{"start":{"line":33,"column":12},"end":{"line":33,"column":24}},"21":{"start":{"line":35,"column":12},"end":{"line":35,"column":43}},"22":{"start":{"line":37,"column":15},"end":{"line":46,"column":9}},"23":{"start":{"line":38,"column":10},"end":{"line":43,"column":11}},"24":{"start":{"line":39,"column":12},"end":{"line":39,"column":45}},"25":{"start":{"line":40,"column":12},"end":{"line":40,"column":24}},"26":{"start":{"line":42,"column":12},"end":{"line":42,"column":44}},"27":{"start":{"line":45,"column":10},"end":{"line":45,"column":22}}},"fnMap":{"0":{"name":"(anonymous_0)","decl":{"start":{"line":2,"column":2},"end":{"line":2,"column":3}},"loc":{"start":{"line":2,"column":16},"end":{"line":4,"column":3}},"line":2},"1":{"name":"(anonymous_1)","decl":{"start":{"line":5,"column":2},"end":{"line":5,"column":3}},"loc":{"start":{"line":5,"column":16},"end":{"line":23,"column":3}},"line":5},"2":{"name":"(anonymous_2)","decl":{"start":{"line":24,"column":2},"end":{"line":24,"column":3}},"loc":{"start":{"line":24,"column":23},"end":{"line":49,"column":3}},"line":24}},"branchMap":{"0":{"loc":{"start":{"line":6,"column":4},"end":{"line":22,"column":5}},"type":"if","locations":[{"start":{"line":6,"column":4},"end":{"line":22,"column":5}},{"start":{"line":6,"column":4},"end":{"line":22,"column":5}}],"line":6},"1":{"loc":{"start":{"line":11,"column":8},"end":{"line":17,"column":9}},"type":"if","locations":[{"start":{"line":11,"column":8},"end":{"line":17,"column":9}},{"start":{"line":11,"column":8},"end":{"line":17,"column":9}}],"line":11},"2":{"loc":{"start":{"line":13,"column":15},"end":{"line":17,"column":9}},"type":"if","locations":[{"start":{"line":13,"column":15},"end":{"line":17,"column":9}},{"start":{"line":13,"column":15},"end":{"line":17,"column":9}}],"line":13},"3":{"loc":{"start":{"line":15,"column":15},"end":{"line":17,"column":9}},"type":"if","locations":[{"start":{"line":15,"column":15},"end":{"line":17,"column":9}},{"start":{"line":15,"column":15},"end":{"line":17,"column":9}}],"line":15},"4":{"loc":{"start":{"line":18,"column":8},"end":{"line":20,"column":9}},"type":"if","locations":[{"start":{"line":18,"column":8},"end":{"line":20,"column":9}},{"start":{"line":18,"column":8},"end":{"line":20,"column":9}}],"line":18},"5":{"loc":{"start":{"line":25,"column":4},"end":{"line":48,"column":5}},"type":"if","locations":[{"start":{"line":25,"column":4},"end":{"line":48,"column":5}},{"start":{"line":25,"column":4},"end":{"line":48,"column":5}}],"line":25},"6":{"loc":{"start":{"line":30,"column":8},"end":{"line":46,"column":9}},"type":"if","locations":[{"start":{"line":30,"column":8},"end":{"line":46,"column":9}},{"start":{"line":30,"column":8},"end":{"line":46,"column":9}}],"line":30},"7":{"loc":{"start":{"line":31,"column":10},"end":{"line":36,"column":11}},"type":"if","locations":[{"start":{"line":31,"column":10},"end":{"line":36,"column":11}},{"start":{"line":31,"column":10},"end":{"line":36,"column":11}}],"line":31},"8":{"loc":{"start":{"line":37,"column":15},"end":{"line":46,"column":9}},"type":"if","locations":[{"start":{"line":37,"column":15},"end":{"line":46,"column":9}},{"start":{"line":37,"column":15},"end":{"line":46,"column":9}}],"line":37},"9":{"loc":{"start":{"line":38,"column":10},"end":{"line":43,"column":11}},"type":"if","locations":[{"start":{"line":38,"column":10},"end":{"line":43,"column":11}},{"start":{"line":38,"column":10},"end":{"line":43,"column":11}}],"line":38}},"s":{"0":1,"1":5,"2":1,"3":4,"4":4,"5":11,"6":3,"7":8,"8":2,"9":6,"10":6,"11":8,"12":1,"13":35,"14":1,"15":34,"16":34,"17":78,"18":25,"19":3,"20":3,"21":22,"22":53,"23":25,"24":3,"25":3,"26":22,"27":28},"f":{"0":1,"1":5,"2":35},"b":{"0":[1,4],"1":[3,8],"2":[2,6],"3":[6,0],"4":[1,7],"5":[1,34],"6":[25,53],"7":[3,22],"8":[25,28],"9":[3,22]},"_coverageSchema":"43e27e138ebf9cfc5966b082cf9a028302ed4184","hash":"381f87764a83ce49ef767ff9ce5ac5340bc57111"}
}
