TN:
SF:/Users/taylor/Desktop/BinarySearchTrees12.2/src/bst-node.js
FN:2,(anonymous_0)
FNF:1
FNH:1
FNDA:35,(anonymous_0)
DA:3,35
DA:4,35
DA:5,35
LF:3
LH:3
BRF:0
BRH:0
end_of_record
TN:
SF:/Users/taylor/Desktop/BinarySearchTrees12.2/src/bst.js
FN:2,(anonymous_0)
FN:5,(anonymous_1)
FN:24,(anonymous_2)
FNF:3
FNH:3
FNDA:1,(anonymous_0)
FNDA:5,(anonymous_1)
FNDA:35,(anonymous_2)
DA:3,1
DA:6,5
DA:7,1
DA:9,4
DA:10,4
DA:11,11
DA:12,3
DA:13,8
DA:14,2
DA:15,6
DA:16,6
DA:18,8
DA:19,1
DA:25,35
DA:26,1
DA:28,34
DA:29,34
DA:30,78
DA:31,25
DA:32,3
DA:33,3
DA:35,22
DA:37,53
DA:38,25
DA:39,3
DA:40,3
DA:42,22
DA:45,28
LF:28
LH:28
BRDA:6,0,0,1
BRDA:6,0,1,4
BRDA:11,1,0,3
BRDA:11,1,1,8
BRDA:13,2,0,2
BRDA:13,2,1,6
BRDA:15,3,0,6
BRDA:15,3,1,0
BRDA:18,4,0,1
BRDA:18,4,1,7
BRDA:25,5,0,1
BRDA:25,5,1,34
BRDA:30,6,0,25
BRDA:30,6,1,53
BRDA:31,7,0,3
BRDA:31,7,1,22
BRDA:37,8,0,25
BRDA:37,8,1,28
BRDA:38,9,0,3
BRDA:38,9,1,22
BRF:20
BRH:19
end_of_record
